14:07:34.191 [main] INFO  - Goto my account-->Click on Login.. 
14:07:34.883 [main] INFO  - Entering email and password.. 
14:07:35.559 [main] INFO  - clicked on login button...
15:21:51.876 [main] INFO  - Goto my account-->Click on Login.. 
15:21:53.135 [main] INFO  - Entering email and password.. 
15:21:54.620 [main] INFO  - clicked on login button...
15:32:55.009 [main] INFO  - Goto my account-->Click on Login.. 
15:32:55.760 [main] INFO  - Entering email and password.. 
15:32:56.517 [main] INFO  - clicked on login button...
15:44:58.490 [main] INFO  - Goto my account-->Click on Login.. 
15:44:59.375 [main] INFO  - Entering email and password.. 
15:45:00.720 [main] INFO  - clicked on login button...
11:24:02.941 [pool-3-thread-1] INFO  - Goto my account-->Click on Login.. 
11:24:03.761 [pool-3-thread-1] INFO  - Entering email and password.. 
11:24:06.101 [pool-3-thread-1] INFO  - clicked on login button...
11:25:07.956 [main] INFO  - Goto my account-->Click on Login.. 
11:25:08.604 [main] INFO  - Entering email and password.. 
11:25:09.732 [main] INFO  - clicked on login button...
11:27:34.728 [main] INFO  - Goto my account-->Click on Login.. 
11:27:35.361 [main] INFO  - Entering email and password.. 
11:27:36.283 [main] INFO  - clicked on login button...
11:28:39.062 [pool-3-thread-1] INFO  - Goto my account-->Click on Login.. 
11:28:39.709 [pool-3-thread-1] INFO  - Entering email and password.. 
11:28:41.527 [pool-3-thread-1] INFO  - clicked on login button...
11:30:58.762 [main] INFO  - Goto my account-->Click on Login.. 
11:30:59.506 [main] INFO  - Entering email and password.. 
11:31:00.817 [main] INFO  - clicked on login button...
11:32:42.541 [main] INFO  - Goto my account-->Click on Login.. 
11:32:46.118 [main] INFO  - Entering email and password.. 
11:32:47.244 [main] INFO  - clicked on login button...
11:34:08.134 [main] INFO  - Goto my account-->Click on Login.. 
11:34:08.801 [main] INFO  - Entering email and password.. 
11:34:10.471 [main] INFO  - clicked on login button...
11:45:34.561 [main] INFO  - Goto my account-->Click on Login.. 
11:45:35.241 [main] INFO  - Entering email and password.. 
11:45:36.544 [main] INFO  - clicked on login button...
11:48:32.063 [main] INFO  - Goto my account-->Click on Login.. 
11:48:32.749 [main] INFO  - Entering email and password.. 
11:48:34.206 [main] INFO  - clicked on login button...
12:19:09.362 [main] INFO  - Goto my account-->Click on Login.. 
12:19:10.371 [main] INFO  - Entering email and password.. 
12:19:11.738 [main] INFO  - clicked on login button...
12:24:14.670 [main] INFO  - Goto my account-->Click on Login.. 
12:24:15.551 [main] INFO  - Entering email and password.. 
12:24:16.857 [main] INFO  - clicked on login button...
12:25:59.705 [main] INFO  - Goto my account-->Click on Login.. 
12:26:00.443 [main] INFO  - Entering email and password.. 
12:26:01.724 [main] INFO  - clicked on login button...
12:40:21.946 [main] INFO  - Goto my account-->Click on Login.. 
12:40:22.616 [main] INFO  - Entering email and password.. 
12:40:24.212 [main] INFO  - clicked on login button...
12:48:13.135 [main] INFO  - Goto my account-->Click on Login.. 
12:48:14.187 [main] INFO  - Entering email and password.. 
12:48:15.338 [main] INFO  - clicked on login button...
07:20:02.541 [main] INFO  - Goto my account-->Click on Login.. 
07:20:03.687 [main] INFO  - Entering email and password.. 
07:20:04.885 [main] INFO  - clicked on login button...
07:26:07.255 [main] INFO  - Goto my account-->Click on Login.. 
07:26:08.073 [main] INFO  - Entering email and password.. 
07:26:08.937 [main] INFO  - clicked on login button...
07:27:45.855 [main] INFO  - Goto my account-->Click on Login.. 
07:27:46.685 [main] INFO  - Entering email and password.. 
07:27:47.506 [main] INFO  - clicked on login button...
07:42:18.774 [main] INFO  - Goto my account-->Click on Login.. 
07:42:19.621 [main] INFO  - Entering email and password.. 
07:42:20.495 [main] INFO  - clicked on login button...
07:44:30.850 [main] INFO  - Goto my account-->Click on Login.. 
07:44:31.695 [main] INFO  - Entering email and password.. 
07:44:32.578 [main] INFO  - clicked on login button...
07:46:04.249 [main] INFO  - Goto my account-->Click on Login.. 
07:46:05.043 [main] INFO  - Entering email and password.. 
07:46:05.916 [main] INFO  - clicked on login button...
07:52:55.919 [main] INFO  - Goto my account-->Click on Login.. 
07:52:56.718 [main] INFO  - Entering email and password.. 
07:52:57.593 [main] INFO  - clicked on login button...
18:19:13.999 [main] INFO  - Goto my account-->Click on Login.. 
18:19:15.157 [main] INFO  - Entering email and password.. 
18:19:18.115 [main] INFO  - clicked on login button...
18:41:42.934 [main] INFO  - Goto my account-->Click on Login.. 
18:41:44.046 [main] INFO  - Entering email and password.. 
18:41:45.608 [main] INFO  - clicked on login button...
18:44:37.724 [main] INFO  - Goto my account-->Click on Login.. 
18:44:39.121 [main] INFO  - Entering email and password.. 
18:44:40.372 [main] INFO  - clicked on login button...
08:18:50.530 [main] INFO  - Goto my account-->Click on Login.. 
08:18:51.497 [main] INFO  - Entering email and password.. 
08:18:52.842 [main] INFO  - clicked on login button...
09:48:39.649 [main] INFO  - Goto my account-->Click on Login.. 
09:48:40.566 [main] INFO  - Entering email and password.. 
09:48:42.044 [main] INFO  - clicked on login button...
16:34:09.239 [main] INFO  - Goto my account-->Click on Login.. 
16:34:10.100 [main] INFO  - Entering email and password.. 
16:34:11.432 [main] INFO  - clicked on login button...
16:35:25.149 [main] INFO  - Goto my account-->Click on Login.. 
16:35:25.968 [main] INFO  - Entering email and password.. 
16:35:27.519 [main] INFO  - clicked on login button...
17:36:19.202 [main] INFO  - Goto my account-->Click on Login.. 
17:36:20.167 [main] INFO  - Entering email and password.. 
17:36:21.747 [main] INFO  - clicked on login button...
17:36:29.453 [main] INFO  - Goto my account-->Click on Login.. 
17:36:30.225 [main] INFO  - Entering email and password.. 
17:36:32.305 [main] INFO  - clicked on login button...
17:36:37.839 [main] INFO  - Goto my account-->Click on Login.. 
17:36:39.317 [main] INFO  - Entering email and password.. 
17:36:41.281 [main] INFO  - clicked on login button...
18:15:43.941 [main] INFO  - Goto my account-->Click on Login.. 
18:15:45.211 [main] DEBUG - Parsing relationship: /xl/_rels/workbook.xml.rels
18:15:45.216 [main] DEBUG - Parsing relationship: /xl/worksheets/_rels/sheet1.xml.rels
18:15:45.221 [main] DEBUG - Parsing relationship: /_rels/.rels
18:15:45.627 [main] TRACE - Loading type system org.apache.poi.schemas.ooxml.system.ooxml
18:15:45.632 [main] TRACE - Loading type system org.apache.xmlbeans.metadata.system.sXMLCONFIG
18:15:45.634 [main] TRACE - Loading type system org.apache.xmlbeans.metadata.system.sXMLLANG
18:15:45.635 [main] TRACE - Loading type system org.apache.xmlbeans.metadata.system.sXMLSCHEMA
18:15:45.635 [main] TRACE - Loading type system org.apache.xmlbeans.metadata.system.sXMLTOOLS
18:15:45.638 [main] TRACE - Reading unresolved handles for type system org.apache.xmlbeans.metadata.system.sXMLTOOLS
18:15:45.664 [main] TRACE - Finished loading type system org.apache.xmlbeans.metadata.system.sXMLTOOLS
18:15:45.667 [main] TRACE - Reading unresolved handles for type system org.apache.xmlbeans.metadata.system.sXMLSCHEMA
18:15:45.679 [main] TRACE - Finished loading type system org.apache.xmlbeans.metadata.system.sXMLSCHEMA
18:15:45.683 [main] TRACE - Reading unresolved handles for type system org.apache.xmlbeans.metadata.system.sXMLLANG
18:15:45.686 [main] TRACE - Finished loading type system org.apache.xmlbeans.metadata.system.sXMLLANG
18:15:45.689 [main] TRACE - Reading unresolved handles for type system org.apache.xmlbeans.metadata.system.sXMLCONFIG
18:15:45.692 [main] TRACE - Finished loading type system org.apache.xmlbeans.metadata.system.sXMLCONFIG
18:15:45.694 [main] TRACE - Reading unresolved handles for type system org.apache.poi.schemas.ooxml.system.ooxml
18:15:45.848 [main] TRACE - Finished loading type system org.apache.poi.schemas.ooxml.system.ooxml
18:15:45.850 [main] TRACE - Resolving type for handle themefd26doctype
18:15:46.005 [main] TRACE - Resolving type for handle stylesheet5d8bdoctype
18:15:46.017 [main] TRACE - Resolving type for handle ctstylesheet4257type
18:15:46.028 [main] TRACE - Resolving type for handle ctfonts6623type
18:15:46.036 [main] TRACE - Resolving type for handle ctfont14d8type
18:15:46.049 [main] TRACE - Resolving type for handle ctfills2c6ftype
18:15:46.054 [main] TRACE - Resolving type for handle ctfill550ctype
18:15:46.058 [main] TRACE - Resolving type for handle ctborders0d66type
18:15:46.063 [main] TRACE - Resolving type for handle ctborderf935type
18:15:46.070 [main] TRACE - Resolving type for handle ctcellxfs1322type
18:15:46.077 [main] TRACE - Resolving type for handle ctxf97f7type
18:15:46.083 [main] TRACE - Resolving type for handle ctcellstylexfsa81ftype
18:15:46.088 [main] TRACE - Resolving type for handle ctdxfsb26atype
18:15:46.092 [main] TRACE - Resolving type for handle cttablestyles872ftype
18:15:46.100 [main] TRACE - Resolving type for handle sstf81fdoctype
18:15:46.110 [main] TRACE - Resolving type for handle ctsst44f3type
18:15:46.130 [main] TRACE - Resolving type for handle ctrsta472type
18:15:46.174 [main] DEBUG - using default POIXMLDocumentPart for http://schemas.openxmlformats.org/officeDocument/2006/relationships/printerSettings
18:15:46.176 [main] TRACE - Resolving type for handle workbookec17doctype
18:15:46.190 [main] TRACE - Resolving type for handle ctworkbook83c3type
18:15:46.200 [main] TRACE - Resolving type for handle ctsheets49fdtype
18:15:46.204 [main] TRACE - Resolving type for handle ctsheet4dbetype
18:15:46.209 [main] TRACE - Resolving type for handle strelationshipid1e94type
18:15:46.214 [main] TRACE - Resolving type for handle worksheetf539doctype
18:15:46.228 [main] TRACE - Resolving type for handle ctworksheet530dtype
18:15:46.246 [main] TRACE - Resolving type for handle ctsheetdata8408type
18:15:46.251 [main] TRACE - Resolving type for handle ctrowdd39type
18:15:46.262 [main] TRACE - Resolving type for handle ctcell842btype
18:15:46.275 [main] TRACE - Resolving type for handle stcellrefe4e0type
18:15:46.292 [main] TRACE - Resolving type for handle ctcols627ctype
18:15:46.301 [main] TRACE - Resolving type for handle ctcola95ftype
18:15:46.350 [main] TRACE - Resolving type for handle cthyperlinks6416type
18:15:46.357 [main] TRACE - Resolving type for handle cthyperlink0c85type
18:15:46.372 [main] TRACE - Resolving type for handle stxstringf179type
18:15:46.378 [main] TRACE - Resolving type for handle stcelltypebf95type
18:15:54.189 [main] INFO  - Goto my account-->Click on Login.. 
18:15:54.914 [main] DEBUG - Parsing relationship: /xl/_rels/workbook.xml.rels
18:15:54.923 [main] DEBUG - Parsing relationship: /xl/worksheets/_rels/sheet1.xml.rels
18:15:54.928 [main] DEBUG - Parsing relationship: /_rels/.rels
18:15:55.019 [main] DEBUG - using default POIXMLDocumentPart for http://schemas.openxmlformats.org/officeDocument/2006/relationships/printerSettings
18:16:01.337 [main] INFO  - Goto my account-->Click on Login.. 
18:16:02.558 [main] DEBUG - Parsing relationship: /xl/_rels/workbook.xml.rels
18:16:02.565 [main] DEBUG - Parsing relationship: /xl/worksheets/_rels/sheet1.xml.rels
18:16:02.568 [main] DEBUG - Parsing relationship: /_rels/.rels
18:16:02.633 [main] DEBUG - using default POIXMLDocumentPart for http://schemas.openxmlformats.org/officeDocument/2006/relationships/printerSettings
18:35:56.249 [main] INFO  - Goto my account-->Click on Login.. 
18:35:57.395 [main] INFO  - Entering email and password.. 
18:35:58.743 [main] INFO  - clicked on login button...
18:37:51.691 [main] INFO  - Goto my account-->Click on Login.. 
18:37:52.568 [main] INFO  - Entering email and password.. 
18:37:54.191 [main] INFO  - clicked on login button...
18:51:43.519 [main] INFO  - Goto my account-->Click on Login.. 
18:51:44.381 [main] INFO  - Entering email and password.. 
18:51:45.696 [main] INFO  - clicked on login button...
18:56:23.370 [main] INFO  - Goto my account-->Click on Login.. 
18:56:24.289 [main] INFO  - Entering email and password.. 
18:56:25.777 [main] INFO  - clicked on login button...
20:04:20.862 [main] INFO  - Goto my account-->Click on Login.. 
20:04:21.699 [main] INFO  - Entering email and password.. 
20:04:22.906 [main] INFO  - clicked on login button...
20:04:27.468 [main] INFO  - Goto my account-->Click on Login.. 
20:04:28.461 [main] INFO  - Entering email and password.. 
20:04:30.006 [main] INFO  - clicked on login button...
20:04:34.465 [main] INFO  - Goto my account-->Click on Login.. 
20:04:35.475 [main] INFO  - Entering email and password.. 
20:04:37.003 [main] INFO  - clicked on login button...
20:06:22.717 [main] INFO  - Goto my account-->Click on Login.. 
20:06:23.342 [main] INFO  - Entering email and password.. 
20:06:25.959 [main] INFO  - clicked on login button...
20:06:30.731 [main] INFO  - Goto my account-->Click on Login.. 
20:06:31.591 [main] INFO  - Entering email and password.. 
20:06:33.029 [main] INFO  - clicked on login button...
21:12:19.755 [main] INFO  - Goto my account-->Click on Login.. 
21:12:20.819 [main] DEBUG - Parsing relationship: /xl/_rels/workbook.xml.rels
21:12:20.824 [main] DEBUG - Parsing relationship: /xl/worksheets/_rels/sheet1.xml.rels
21:12:20.828 [main] DEBUG - Parsing relationship: /_rels/.rels
21:12:21.107 [main] TRACE - Loading type system org.apache.poi.schemas.ooxml.system.ooxml
21:12:21.111 [main] TRACE - Loading type system org.apache.xmlbeans.metadata.system.sXMLCONFIG
21:12:21.113 [main] TRACE - Loading type system org.apache.xmlbeans.metadata.system.sXMLLANG
21:12:21.114 [main] TRACE - Loading type system org.apache.xmlbeans.metadata.system.sXMLSCHEMA
21:12:21.115 [main] TRACE - Loading type system org.apache.xmlbeans.metadata.system.sXMLTOOLS
21:12:21.117 [main] TRACE - Reading unresolved handles for type system org.apache.xmlbeans.metadata.system.sXMLTOOLS
21:12:21.136 [main] TRACE - Finished loading type system org.apache.xmlbeans.metadata.system.sXMLTOOLS
21:12:21.138 [main] TRACE - Reading unresolved handles for type system org.apache.xmlbeans.metadata.system.sXMLSCHEMA
21:12:21.146 [main] TRACE - Finished loading type system org.apache.xmlbeans.metadata.system.sXMLSCHEMA
21:12:21.148 [main] TRACE - Reading unresolved handles for type system org.apache.xmlbeans.metadata.system.sXMLLANG
21:12:21.150 [main] TRACE - Finished loading type system org.apache.xmlbeans.metadata.system.sXMLLANG
21:12:21.152 [main] TRACE - Reading unresolved handles for type system org.apache.xmlbeans.metadata.system.sXMLCONFIG
21:12:21.154 [main] TRACE - Finished loading type system org.apache.xmlbeans.metadata.system.sXMLCONFIG
21:12:21.156 [main] TRACE - Reading unresolved handles for type system org.apache.poi.schemas.ooxml.system.ooxml
21:12:21.276 [main] TRACE - Finished loading type system org.apache.poi.schemas.ooxml.system.ooxml
21:12:21.283 [main] TRACE - Resolving type for handle themefd26doctype
21:12:21.372 [main] TRACE - Resolving type for handle stylesheet5d8bdoctype
21:12:21.381 [main] TRACE - Resolving type for handle ctstylesheet4257type
21:12:21.389 [main] TRACE - Resolving type for handle ctfonts6623type
21:12:21.395 [main] TRACE - Resolving type for handle ctfont14d8type
21:12:21.405 [main] TRACE - Resolving type for handle ctfills2c6ftype
21:12:21.409 [main] TRACE - Resolving type for handle ctfill550ctype
21:12:21.412 [main] TRACE - Resolving type for handle ctborders0d66type
21:12:21.416 [main] TRACE - Resolving type for handle ctborderf935type
21:12:21.421 [main] TRACE - Resolving type for handle ctcellxfs1322type
21:12:21.428 [main] TRACE - Resolving type for handle ctxf97f7type
21:12:21.434 [main] TRACE - Resolving type for handle ctcellstylexfsa81ftype
21:12:21.437 [main] TRACE - Resolving type for handle ctdxfsb26atype
21:12:21.441 [main] TRACE - Resolving type for handle cttablestyles872ftype
21:12:21.446 [main] TRACE - Resolving type for handle sstf81fdoctype
21:12:21.452 [main] TRACE - Resolving type for handle ctsst44f3type
21:12:21.471 [main] TRACE - Resolving type for handle ctrsta472type
21:12:21.505 [main] DEBUG - using default POIXMLDocumentPart for http://schemas.openxmlformats.org/officeDocument/2006/relationships/printerSettings
21:12:21.507 [main] TRACE - Resolving type for handle workbookec17doctype
21:12:21.516 [main] TRACE - Resolving type for handle ctworkbook83c3type
21:12:21.523 [main] TRACE - Resolving type for handle ctsheets49fdtype
21:12:21.527 [main] TRACE - Resolving type for handle ctsheet4dbetype
21:12:21.530 [main] TRACE - Resolving type for handle strelationshipid1e94type
21:12:21.533 [main] TRACE - Resolving type for handle worksheetf539doctype
21:12:21.541 [main] TRACE - Resolving type for handle ctworksheet530dtype
21:12:21.551 [main] TRACE - Resolving type for handle ctsheetdata8408type
21:12:21.554 [main] TRACE - Resolving type for handle ctrowdd39type
21:12:21.561 [main] TRACE - Resolving type for handle ctcell842btype
21:12:21.571 [main] TRACE - Resolving type for handle stcellrefe4e0type
21:12:21.584 [main] TRACE - Resolving type for handle ctcols627ctype
21:12:21.590 [main] TRACE - Resolving type for handle ctcola95ftype
21:12:21.618 [main] TRACE - Resolving type for handle cthyperlinks6416type
21:12:21.623 [main] TRACE - Resolving type for handle cthyperlink0c85type
21:12:21.633 [main] TRACE - Resolving type for handle stxstringf179type
21:12:21.649 [main] TRACE - Resolving type for handle stcelltypebf95type
21:12:27.987 [main] INFO  - Goto my account-->Click on Login.. 
21:12:29.139 [main] DEBUG - Parsing relationship: /xl/_rels/workbook.xml.rels
21:12:29.145 [main] DEBUG - Parsing relationship: /xl/worksheets/_rels/sheet1.xml.rels
21:12:29.156 [main] DEBUG - Parsing relationship: /_rels/.rels
21:12:29.196 [main] DEBUG - using default POIXMLDocumentPart for http://schemas.openxmlformats.org/officeDocument/2006/relationships/printerSettings
21:12:35.502 [main] INFO  - Goto my account-->Click on Login.. 
21:12:36.463 [main] DEBUG - Parsing relationship: /xl/_rels/workbook.xml.rels
21:12:36.467 [main] DEBUG - Parsing relationship: /xl/worksheets/_rels/sheet1.xml.rels
21:12:36.475 [main] DEBUG - Parsing relationship: /_rels/.rels
21:12:36.523 [main] DEBUG - using default POIXMLDocumentPart for http://schemas.openxmlformats.org/officeDocument/2006/relationships/printerSettings
21:12:43.954 [main] INFO  - Goto my account-->Click on Login.. 
21:12:44.797 [main] DEBUG - Parsing relationship: /xl/_rels/workbook.xml.rels
21:12:44.798 [main] DEBUG - Parsing relationship: /xl/worksheets/_rels/sheet1.xml.rels
21:12:44.801 [main] DEBUG - Parsing relationship: /_rels/.rels
21:12:44.862 [main] DEBUG - using default POIXMLDocumentPart for http://schemas.openxmlformats.org/officeDocument/2006/relationships/printerSettings
21:12:59.795 [main] INFO  - Goto my account-->Click on Login.. 
21:13:00.885 [main] DEBUG - Parsing relationship: /xl/_rels/workbook.xml.rels
21:13:00.892 [main] DEBUG - Parsing relationship: /xl/worksheets/_rels/sheet1.xml.rels
21:13:00.894 [main] DEBUG - Parsing relationship: /_rels/.rels
21:13:00.932 [main] DEBUG - using default POIXMLDocumentPart for http://schemas.openxmlformats.org/officeDocument/2006/relationships/printerSettings
21:18:39.675 [main] INFO  - Goto my account-->Click on Login.. 
21:18:42.448 [main] DEBUG - Parsing relationship: /xl/_rels/workbook.xml.rels
21:18:42.454 [main] DEBUG - Parsing relationship: /xl/worksheets/_rels/sheet1.xml.rels
21:18:42.458 [main] DEBUG - Parsing relationship: /_rels/.rels
21:18:42.838 [main] TRACE - Loading type system org.apache.poi.schemas.ooxml.system.ooxml
21:18:42.844 [main] TRACE - Loading type system org.apache.xmlbeans.metadata.system.sXMLCONFIG
21:18:42.854 [main] TRACE - Loading type system org.apache.xmlbeans.metadata.system.sXMLLANG
21:18:42.857 [main] TRACE - Loading type system org.apache.xmlbeans.metadata.system.sXMLSCHEMA
21:18:42.858 [main] TRACE - Loading type system org.apache.xmlbeans.metadata.system.sXMLTOOLS
21:18:42.862 [main] TRACE - Reading unresolved handles for type system org.apache.xmlbeans.metadata.system.sXMLTOOLS
21:18:42.884 [main] TRACE - Finished loading type system org.apache.xmlbeans.metadata.system.sXMLTOOLS
21:18:42.885 [main] TRACE - Reading unresolved handles for type system org.apache.xmlbeans.metadata.system.sXMLSCHEMA
21:18:42.893 [main] TRACE - Finished loading type system org.apache.xmlbeans.metadata.system.sXMLSCHEMA
21:18:42.896 [main] TRACE - Reading unresolved handles for type system org.apache.xmlbeans.metadata.system.sXMLLANG
21:18:42.898 [main] TRACE - Finished loading type system org.apache.xmlbeans.metadata.system.sXMLLANG
21:18:42.901 [main] TRACE - Reading unresolved handles for type system org.apache.xmlbeans.metadata.system.sXMLCONFIG
21:18:42.902 [main] TRACE - Finished loading type system org.apache.xmlbeans.metadata.system.sXMLCONFIG
21:18:42.904 [main] TRACE - Reading unresolved handles for type system org.apache.poi.schemas.ooxml.system.ooxml
21:18:43.004 [main] TRACE - Finished loading type system org.apache.poi.schemas.ooxml.system.ooxml
21:18:43.006 [main] TRACE - Resolving type for handle themefd26doctype
21:18:43.106 [main] TRACE - Resolving type for handle stylesheet5d8bdoctype
21:18:43.117 [main] TRACE - Resolving type for handle ctstylesheet4257type
21:18:43.125 [main] TRACE - Resolving type for handle ctfonts6623type
21:18:43.130 [main] TRACE - Resolving type for handle ctfont14d8type
21:18:43.138 [main] TRACE - Resolving type for handle ctfills2c6ftype
21:18:43.142 [main] TRACE - Resolving type for handle ctfill550ctype
21:18:43.146 [main] TRACE - Resolving type for handle ctborders0d66type
21:18:43.151 [main] TRACE - Resolving type for handle ctborderf935type
21:18:43.157 [main] TRACE - Resolving type for handle ctcellxfs1322type
21:18:43.163 [main] TRACE - Resolving type for handle ctxf97f7type
21:18:43.168 [main] TRACE - Resolving type for handle ctcellstylexfsa81ftype
21:18:43.171 [main] TRACE - Resolving type for handle ctdxfsb26atype
21:18:43.175 [main] TRACE - Resolving type for handle cttablestyles872ftype
21:18:43.183 [main] TRACE - Resolving type for handle sstf81fdoctype
21:18:43.191 [main] TRACE - Resolving type for handle ctsst44f3type
21:18:43.206 [main] TRACE - Resolving type for handle ctrsta472type
21:18:43.239 [main] DEBUG - using default POIXMLDocumentPart for http://schemas.openxmlformats.org/officeDocument/2006/relationships/printerSettings
21:18:43.241 [main] TRACE - Resolving type for handle workbookec17doctype
21:18:43.250 [main] TRACE - Resolving type for handle ctworkbook83c3type
21:18:43.260 [main] TRACE - Resolving type for handle ctsheets49fdtype
21:18:43.264 [main] TRACE - Resolving type for handle ctsheet4dbetype
21:18:43.268 [main] TRACE - Resolving type for handle strelationshipid1e94type
21:18:43.273 [main] TRACE - Resolving type for handle worksheetf539doctype
21:18:43.281 [main] TRACE - Resolving type for handle ctworksheet530dtype
21:18:43.293 [main] TRACE - Resolving type for handle ctsheetdata8408type
21:18:43.297 [main] TRACE - Resolving type for handle ctrowdd39type
21:18:43.305 [main] TRACE - Resolving type for handle ctcell842btype
21:18:43.314 [main] TRACE - Resolving type for handle stcellrefe4e0type
21:18:43.327 [main] TRACE - Resolving type for handle ctcols627ctype
21:18:43.336 [main] TRACE - Resolving type for handle ctcola95ftype
21:18:43.370 [main] TRACE - Resolving type for handle cthyperlinks6416type
21:18:43.374 [main] TRACE - Resolving type for handle cthyperlink0c85type
21:18:43.408 [main] TRACE - Resolving type for handle stxstringf179type
21:18:43.416 [main] TRACE - Resolving type for handle stcelltypebf95type
21:18:50.921 [main] INFO  - Goto my account-->Click on Login.. 
21:18:52.147 [main] DEBUG - Parsing relationship: /xl/_rels/workbook.xml.rels
21:18:52.151 [main] DEBUG - Parsing relationship: /xl/worksheets/_rels/sheet1.xml.rels
21:18:52.161 [main] DEBUG - Parsing relationship: /_rels/.rels
21:18:52.283 [main] DEBUG - using default POIXMLDocumentPart for http://schemas.openxmlformats.org/officeDocument/2006/relationships/printerSettings
21:18:59.232 [main] INFO  - Goto my account-->Click on Login.. 
21:19:00.302 [main] DEBUG - Parsing relationship: /xl/_rels/workbook.xml.rels
21:19:00.304 [main] DEBUG - Parsing relationship: /xl/worksheets/_rels/sheet1.xml.rels
21:19:00.315 [main] DEBUG - Parsing relationship: /_rels/.rels
21:19:00.354 [main] DEBUG - using default POIXMLDocumentPart for http://schemas.openxmlformats.org/officeDocument/2006/relationships/printerSettings
21:19:07.632 [main] INFO  - Goto my account-->Click on Login.. 
21:19:08.898 [main] DEBUG - Parsing relationship: /xl/_rels/workbook.xml.rels
21:19:08.904 [main] DEBUG - Parsing relationship: /xl/worksheets/_rels/sheet1.xml.rels
21:19:08.912 [main] DEBUG - Parsing relationship: /_rels/.rels
21:19:08.937 [main] DEBUG - using default POIXMLDocumentPart for http://schemas.openxmlformats.org/officeDocument/2006/relationships/printerSettings
21:19:24.435 [main] INFO  - Goto my account-->Click on Login.. 
21:19:25.512 [main] DEBUG - Parsing relationship: /xl/_rels/workbook.xml.rels
21:19:25.519 [main] DEBUG - Parsing relationship: /xl/worksheets/_rels/sheet1.xml.rels
21:19:25.525 [main] DEBUG - Parsing relationship: /_rels/.rels
21:19:25.580 [main] DEBUG - using default POIXMLDocumentPart for http://schemas.openxmlformats.org/officeDocument/2006/relationships/printerSettings
21:22:29.752 [main] INFO  - Goto my account-->Click on Login.. 
21:22:30.781 [main] DEBUG - Parsing relationship: /xl/_rels/workbook.xml.rels
21:22:30.784 [main] DEBUG - Parsing relationship: /xl/worksheets/_rels/sheet1.xml.rels
21:22:30.787 [main] DEBUG - Parsing relationship: /_rels/.rels
21:22:31.091 [main] TRACE - Loading type system org.apache.poi.schemas.ooxml.system.ooxml
21:22:31.097 [main] TRACE - Loading type system org.apache.xmlbeans.metadata.system.sXMLCONFIG
21:22:31.099 [main] TRACE - Loading type system org.apache.xmlbeans.metadata.system.sXMLLANG
21:22:31.100 [main] TRACE - Loading type system org.apache.xmlbeans.metadata.system.sXMLSCHEMA
21:22:31.101 [main] TRACE - Loading type system org.apache.xmlbeans.metadata.system.sXMLTOOLS
21:22:31.104 [main] TRACE - Reading unresolved handles for type system org.apache.xmlbeans.metadata.system.sXMLTOOLS
21:22:31.129 [main] TRACE - Finished loading type system org.apache.xmlbeans.metadata.system.sXMLTOOLS
21:22:31.131 [main] TRACE - Reading unresolved handles for type system org.apache.xmlbeans.metadata.system.sXMLSCHEMA
21:22:31.140 [main] TRACE - Finished loading type system org.apache.xmlbeans.metadata.system.sXMLSCHEMA
21:22:31.141 [main] TRACE - Reading unresolved handles for type system org.apache.xmlbeans.metadata.system.sXMLLANG
21:22:31.144 [main] TRACE - Finished loading type system org.apache.xmlbeans.metadata.system.sXMLLANG
21:22:31.145 [main] TRACE - Reading unresolved handles for type system org.apache.xmlbeans.metadata.system.sXMLCONFIG
21:22:31.147 [main] TRACE - Finished loading type system org.apache.xmlbeans.metadata.system.sXMLCONFIG
21:22:31.148 [main] TRACE - Reading unresolved handles for type system org.apache.poi.schemas.ooxml.system.ooxml
21:22:31.316 [main] TRACE - Finished loading type system org.apache.poi.schemas.ooxml.system.ooxml
21:22:31.318 [main] TRACE - Resolving type for handle themefd26doctype
21:22:31.449 [main] TRACE - Resolving type for handle stylesheet5d8bdoctype
21:22:31.463 [main] TRACE - Resolving type for handle ctstylesheet4257type
21:22:31.473 [main] TRACE - Resolving type for handle ctfonts6623type
21:22:31.480 [main] TRACE - Resolving type for handle ctfont14d8type
21:22:31.493 [main] TRACE - Resolving type for handle ctfills2c6ftype
21:22:31.499 [main] TRACE - Resolving type for handle ctfill550ctype
21:22:31.503 [main] TRACE - Resolving type for handle ctborders0d66type
21:22:31.507 [main] TRACE - Resolving type for handle ctborderf935type
21:22:31.512 [main] TRACE - Resolving type for handle ctcellxfs1322type
21:22:31.517 [main] TRACE - Resolving type for handle ctxf97f7type
21:22:31.522 [main] TRACE - Resolving type for handle ctcellstylexfsa81ftype
21:22:31.525 [main] TRACE - Resolving type for handle ctdxfsb26atype
21:22:31.529 [main] TRACE - Resolving type for handle cttablestyles872ftype
21:22:31.535 [main] TRACE - Resolving type for handle sstf81fdoctype
21:22:31.541 [main] TRACE - Resolving type for handle ctsst44f3type
21:22:31.555 [main] TRACE - Resolving type for handle ctrsta472type
21:22:31.581 [main] DEBUG - using default POIXMLDocumentPart for http://schemas.openxmlformats.org/officeDocument/2006/relationships/printerSettings
21:22:31.583 [main] TRACE - Resolving type for handle workbookec17doctype
21:22:31.592 [main] TRACE - Resolving type for handle ctworkbook83c3type
21:22:31.600 [main] TRACE - Resolving type for handle ctsheets49fdtype
21:22:31.603 [main] TRACE - Resolving type for handle ctsheet4dbetype
21:22:31.607 [main] TRACE - Resolving type for handle strelationshipid1e94type
21:22:31.611 [main] TRACE - Resolving type for handle worksheetf539doctype
21:22:31.620 [main] TRACE - Resolving type for handle ctworksheet530dtype
21:22:31.632 [main] TRACE - Resolving type for handle ctsheetdata8408type
21:22:31.635 [main] TRACE - Resolving type for handle ctrowdd39type
21:22:31.642 [main] TRACE - Resolving type for handle ctcell842btype
21:22:31.651 [main] TRACE - Resolving type for handle stcellrefe4e0type
21:22:31.663 [main] TRACE - Resolving type for handle ctcols627ctype
21:22:31.671 [main] TRACE - Resolving type for handle ctcola95ftype
21:22:31.697 [main] TRACE - Resolving type for handle cthyperlinks6416type
21:22:31.702 [main] TRACE - Resolving type for handle cthyperlink0c85type
21:22:31.713 [main] TRACE - Resolving type for handle stxstringf179type
21:22:31.718 [main] TRACE - Resolving type for handle stcelltypebf95type
21:22:38.232 [main] INFO  - Goto my account-->Click on Login.. 
21:22:39.296 [main] DEBUG - Parsing relationship: /xl/_rels/workbook.xml.rels
21:22:39.300 [main] DEBUG - Parsing relationship: /xl/worksheets/_rels/sheet1.xml.rels
21:22:39.304 [main] DEBUG - Parsing relationship: /_rels/.rels
21:22:39.368 [main] DEBUG - using default POIXMLDocumentPart for http://schemas.openxmlformats.org/officeDocument/2006/relationships/printerSettings
21:22:45.550 [main] INFO  - Goto my account-->Click on Login.. 
21:22:46.555 [main] DEBUG - Parsing relationship: /xl/_rels/workbook.xml.rels
21:22:46.561 [main] DEBUG - Parsing relationship: /xl/worksheets/_rels/sheet1.xml.rels
21:22:46.563 [main] DEBUG - Parsing relationship: /_rels/.rels
21:22:46.592 [main] DEBUG - using default POIXMLDocumentPart for http://schemas.openxmlformats.org/officeDocument/2006/relationships/printerSettings
21:22:53.085 [main] INFO  - Goto my account-->Click on Login.. 
21:22:53.983 [main] DEBUG - Parsing relationship: /xl/_rels/workbook.xml.rels
21:22:53.988 [main] DEBUG - Parsing relationship: /xl/worksheets/_rels/sheet1.xml.rels
21:22:53.996 [main] DEBUG - Parsing relationship: /_rels/.rels
21:22:54.036 [main] DEBUG - using default POIXMLDocumentPart for http://schemas.openxmlformats.org/officeDocument/2006/relationships/printerSettings
21:23:10.983 [main] INFO  - Goto my account-->Click on Login.. 
21:23:11.837 [main] DEBUG - Parsing relationship: /xl/_rels/workbook.xml.rels
21:23:11.842 [main] DEBUG - Parsing relationship: /xl/worksheets/_rels/sheet1.xml.rels
21:23:11.849 [main] DEBUG - Parsing relationship: /_rels/.rels
21:23:11.879 [main] DEBUG - using default POIXMLDocumentPart for http://schemas.openxmlformats.org/officeDocument/2006/relationships/printerSettings
09:29:44.582 [main] INFO  - Goto my account-->Click on Login.. 
09:29:45.402 [main] INFO  - Entering email and password.. 
09:29:47.709 [main] INFO  - clicked on login button...
09:29:53.714 [main] INFO  - Goto my account-->Click on Login.. 
09:29:55.030 [main] INFO  - Entering email and password.. 
09:29:56.837 [main] INFO  - clicked on login button...
09:30:00.966 [main] INFO  - Goto my account-->Click on Login.. 
09:30:02.672 [main] INFO  - Entering email and password.. 
09:30:04.059 [main] INFO  - clicked on login button...
09:32:23.261 [main] INFO  - Goto my account-->Click on Login.. 
09:32:24.146 [main] INFO  - Entering email and password.. 
09:32:25.522 [main] INFO  - clicked on login button...
09:32:29.911 [main] INFO  - Goto my account-->Click on Login.. 
09:32:30.895 [main] INFO  - Entering email and password.. 
09:32:32.009 [main] INFO  - clicked on login button...
09:32:35.822 [main] INFO  - Goto my account-->Click on Login.. 
09:32:37.054 [main] INFO  - Entering email and password.. 
09:32:38.450 [main] INFO  - clicked on login button...
